2019-05-27 13:22:29.715 INFO  (main) [   ] o.e.j.s.Server jetty-9.4.8.v20171121, build timestamp: 2017-11-21T21:27:37Z, git hash: 82b8fb23f757335bb3329d540ce37a2a2615f0a8
2019-05-27 13:22:30.757 INFO  (main) [   ] o.a.s.s.SolrDispatchFilter  ___      _       Welcome to Apache Solr? version 7.3.1
2019-05-27 13:22:30.757 INFO  (main) [   ] o.a.s.s.SolrDispatchFilter / __| ___| |_ _   Starting in standalone mode on port 8983
2019-05-27 13:22:30.758 INFO  (main) [   ] o.a.s.s.SolrDispatchFilter \__ \/ _ \ | '_|  Install dir: H:\teachmyblog\dreamland\solr-7.3.1
2019-05-27 13:22:30.826 INFO  (main) [   ] o.a.s.s.SolrDispatchFilter |___/\___/_|_|    Start time: 2019-05-27T13:22:30.759Z
2019-05-27 13:22:30.827 INFO  (main) [   ] o.a.s.u.StartupLoggingUtils Property solr.log.muteconsole given. Muting ConsoleAppender named CONSOLE
2019-05-27 13:22:31.063 INFO  (main) [   ] o.a.s.c.SolrResourceLoader Using system property solr.solr.home: H:\teachmyblog\dreamland\solr-7.3.1\server\solr
2019-05-27 13:22:31.089 INFO  (main) [   ] o.a.s.c.SolrXmlConfig Loading container configuration from H:\teachmyblog\dreamland\solr-7.3.1\server\solr\solr.xml
2019-05-27 13:22:33.429 INFO  (main) [   ] o.a.s.c.CorePropertiesLocator Found 1 core definitions underneath H:\teachmyblog\dreamland\solr-7.3.1\server\solr
2019-05-27 13:22:33.430 INFO  (main) [   ] o.a.s.c.CorePropertiesLocator Cores are: [mycore]
2019-05-27 13:22:33.437 INFO  (coreLoadExecutor-6-thread-1) [   ] o.a.s.c.TransientSolrCoreCacheDefault Allocating transient cache for 2147483647 transient cores
2019-05-27 13:22:33.829 INFO  (coreLoadExecutor-6-thread-1) [   x:mycore] o.a.s.c.SolrResourceLoader [mycore] Added 57 libs to classloader, from paths: [/H:/teachmyblog/dreamland/solr-7.3.1/contrib/clustering/lib, /H:/teachmyblog/dreamland/solr-7.3.1/contrib/extraction/lib, /H:/teachmyblog/dreamland/solr-7.3.1/contrib/langid/lib, /H:/teachmyblog/dreamland/solr-7.3.1/contrib/velocity/lib, /H:/teachmyblog/dreamland/solr-7.3.1/dist]
2019-05-27 13:22:34.481 INFO  (coreLoadExecutor-6-thread-1) [   x:mycore] o.a.s.c.SolrConfig Using Lucene MatchVersion: 7.3.1
2019-05-27 13:22:34.838 INFO  (coreLoadExecutor-6-thread-1) [   x:mycore] o.a.s.s.IndexSchema [mycore] Schema name=default-config
2019-05-27 13:22:35.563 INFO  (main) [   ] o.e.j.s.Server Started @8346ms
2019-05-27 13:22:36.428 INFO  (coreLoadExecutor-6-thread-1) [   x:mycore] o.a.s.s.IndexSchema Loaded schema default-config/1.6 with uniqueid field id
2019-05-27 13:22:36.483 INFO  (coreLoadExecutor-6-thread-1) [   x:mycore] o.a.s.c.CoreContainer Creating SolrCore 'mycore' using configuration from instancedir H:\teachmyblog\dreamland\solr-7.3.1\server\solr\mycore, trusted=true
2019-05-27 13:22:36.627 INFO  (coreLoadExecutor-6-thread-1) [   x:mycore] o.a.s.c.SolrCore solr.RecoveryStrategy.Builder
2019-05-27 13:22:36.649 INFO  (coreLoadExecutor-6-thread-1) [   x:mycore] o.a.s.c.SolrCore [[mycore] ] Opening new SolrCore at [H:\teachmyblog\dreamland\solr-7.3.1\server\solr\mycore], dataDir=[H:\teachmyblog\dreamland\solr-7.3.1\server\solr\mycore\data\]
2019-05-27 13:22:36.778 INFO  (coreLoadExecutor-6-thread-1) [   x:mycore] o.a.s.r.XSLTResponseWriter xsltCacheLifetimeSeconds=5
2019-05-27 13:22:37.406 INFO  (coreLoadExecutor-6-thread-1) [   x:mycore] o.a.s.u.UpdateHandler Using UpdateLog implementation: org.apache.solr.update.UpdateLog
2019-05-27 13:22:37.407 INFO  (coreLoadExecutor-6-thread-1) [   x:mycore] o.a.s.u.UpdateLog Initializing UpdateLog: dataDir= defaultSyncLevel=FLUSH numRecordsToKeep=100 maxNumLogsToKeep=10 numVersionBuckets=65536
2019-05-27 13:22:37.408 INFO  (qtp191382150-22) [   ] o.a.s.s.HttpSolrCall [admin] webapp=null path=/admin/info/system params={wt=json} status=0 QTime=107
2019-05-27 13:22:37.524 INFO  (coreLoadExecutor-6-thread-1) [   x:mycore] o.a.s.u.CommitTracker Hard AutoCommit: if uncommited for 15000ms; 
2019-05-27 13:22:37.531 INFO  (coreLoadExecutor-6-thread-1) [   x:mycore] o.a.s.u.CommitTracker Soft AutoCommit: disabled
2019-05-27 13:22:37.858 INFO  (coreLoadExecutor-6-thread-1) [   x:mycore] o.a.s.s.SolrIndexSearcher Opening [Searcher@7f065e53[mycore] main]
2019-05-27 13:22:37.901 INFO  (coreLoadExecutor-6-thread-1) [   x:mycore] o.a.s.r.ManagedResourceStorage File-based storage initialized to use dir: H:\teachmyblog\dreamland\solr-7.3.1\server\solr\mycore\conf
2019-05-27 13:22:37.936 INFO  (coreLoadExecutor-6-thread-1) [   x:mycore] o.a.s.h.c.SpellCheckComponent Initializing spell checkers
2019-05-27 13:22:37.942 INFO  (coreLoadExecutor-6-thread-1) [   x:mycore] o.a.s.s.DirectSolrSpellChecker init: {name=default,field=_text_,classname=solr.DirectSolrSpellChecker,distanceMeasure=internal,accuracy=0.5,maxEdits=2,minPrefix=1,maxInspections=5,minQueryLength=4,maxQueryFrequency=0.01}
2019-05-27 13:22:37.955 INFO  (coreLoadExecutor-6-thread-1) [   x:mycore] o.a.s.h.ReplicationHandler Commits will be reserved for 10000ms.
2019-05-27 13:22:38.087 INFO  (searcherExecutor-7-thread-1-processing-x:mycore) [   x:mycore] o.a.s.c.QuerySenderListener QuerySenderListener sending requests to Searcher@7f065e53[mycore] main{ExitableDirectoryReader(UninvertingDirectoryReader(Uninverting(_1(7.3.1):C1) Uninverting(_4(7.3.1):C1) Uninverting(_5(7.3.1):C1)))}
2019-05-27 13:22:38.088 INFO  (searcherExecutor-7-thread-1-processing-x:mycore) [   x:mycore] o.a.s.c.QuerySenderListener QuerySenderListener done.
2019-05-27 13:22:38.088 INFO  (searcherExecutor-7-thread-1-processing-x:mycore) [   x:mycore] o.a.s.h.c.SpellCheckComponent Loading spell index for spellchecker: default
2019-05-27 13:22:38.099 INFO  (searcherExecutor-7-thread-1-processing-x:mycore) [   x:mycore] o.a.s.c.SolrCore [mycore] Registered new searcher Searcher@7f065e53[mycore] main{ExitableDirectoryReader(UninvertingDirectoryReader(Uninverting(_1(7.3.1):C1) Uninverting(_4(7.3.1):C1) Uninverting(_5(7.3.1):C1)))}
2019-05-27 13:22:57.237 INFO  (qtp191382150-16) [   ] o.a.s.s.HttpSolrCall [admin] webapp=null path=/admin/cores params={indexInfo=false&wt=json&_=1558963377072} status=0 QTime=2
2019-05-27 13:22:57.394 INFO  (qtp191382150-22) [   ] o.a.s.s.HttpSolrCall [admin] webapp=null path=/admin/info/system params={wt=json&_=1558963377072} status=0 QTime=156
2019-05-27 13:22:57.394 INFO  (qtp191382150-19) [   ] o.a.s.s.HttpSolrCall [admin] webapp=null path=/admin/info/system params={wt=json&_=1558963377072} status=0 QTime=153
2019-05-27 13:22:59.134 INFO  (qtp191382150-13) [   x:mycore] o.a.s.c.S.Request [mycore]  webapp=/solr path=/admin/ping params={action=status&wt=json&_=1558963377072&ts=1558963377072} status=503 QTime=2
2019-05-27 13:22:59.138 INFO  (qtp191382150-15) [   x:mycore] o.a.s.c.S.Request [mycore]  webapp=/solr path=/admin/luke params={numTerms=0&show=index&wt=json&_=1558963379113} status=0 QTime=10
2019-05-27 13:22:59.141 INFO  (qtp191382150-19) [   ] o.a.s.s.HttpSolrCall [admin] webapp=null path=/admin/cores params={indexInfo=false&wt=json&_=1558963377072} status=0 QTime=0
2019-05-27 13:22:59.185 INFO  (qtp191382150-22) [   x:mycore] o.a.s.c.S.Request [mycore]  webapp=/solr path=/replication params={wt=json&command=details&_=1558963379113} status=0 QTime=52
2019-05-27 13:22:59.342 INFO  (qtp191382150-20) [   x:mycore] o.a.s.c.S.Request [mycore]  webapp=/solr path=/admin/system params={wt=json&_=1558963379113} status=0 QTime=196
2019-05-27 13:22:59.343 INFO  (qtp191382150-13) [   ] o.a.s.s.HttpSolrCall [admin] webapp=null path=/admin/info/system params={wt=json&_=1558963377072} status=0 QTime=198
2019-05-27 13:23:03.030 INFO  (qtp191382150-15) [   ] o.a.s.s.HttpSolrCall [admin] webapp=null path=/admin/cores params={indexInfo=false&wt=json&_=1558963377072} status=0 QTime=0
2019-05-27 13:23:03.104 INFO  (qtp191382150-19) [   ] o.a.s.s.HttpSolrCall [admin] webapp=null path=/admin/info/system params={wt=json&_=1558963377072} status=0 QTime=74
2019-05-27 13:23:04.699 INFO  (qtp191382150-13) [   x:mycore] o.a.s.c.S.Request [mycore]  webapp=/solr path=/select params={q=*:*&_=1558963382976} hits=3 status=0 QTime=190
2019-05-27 13:23:21.879 INFO  (qtp191382150-13) [   x:mycore] o.a.s.u.p.LogUpdateProcessorFactory [mycore]  webapp=/solr path=/update params={wt=javabin&version=2}{} 0 107
2019-05-27 13:23:21.912 ERROR (qtp191382150-13) [   x:mycore] o.a.s.h.RequestHandlerBase org.apache.solr.common.SolrException: [doc=35] missing required field: title
	at org.apache.solr.update.DocumentBuilder.toDocument(DocumentBuilder.java:233)
	at org.apache.solr.update.AddUpdateCommand.getLuceneDocument(AddUpdateCommand.java:101)
	at org.apache.solr.update.DirectUpdateHandler2.updateDocument(DirectUpdateHandler2.java:963)
	at org.apache.solr.update.DirectUpdateHandler2.updateDocOrDocValues(DirectUpdateHandler2.java:954)
	at org.apache.solr.update.DirectUpdateHandler2.doNormalUpdate(DirectUpdateHandler2.java:334)
	at org.apache.solr.update.DirectUpdateHandler2.addDoc0(DirectUpdateHandler2.java:271)
	at org.apache.solr.update.DirectUpdateHandler2.addDoc(DirectUpdateHandler2.java:221)
	at org.apache.solr.update.processor.RunUpdateProcessor.processAdd(RunUpdateProcessorFactory.java:67)
	at org.apache.solr.update.processor.UpdateRequestProcessor.processAdd(UpdateRequestProcessor.java:55)
	at org.apache.solr.update.processor.DistributedUpdateProcessor.doLocalAdd(DistributedUpdateProcessor.java:950)
	at org.apache.solr.update.processor.DistributedUpdateProcessor.versionAdd(DistributedUpdateProcessor.java:1163)
	at org.apache.solr.update.processor.DistributedUpdateProcessor.processAdd(DistributedUpdateProcessor.java:633)
	at org.apache.solr.update.processor.LogUpdateProcessorFactory$LogUpdateProcessor.processAdd(LogUpdateProcessorFactory.java:103)
	at org.apache.solr.update.processor.UpdateRequestProcessor.processAdd(UpdateRequestProcessor.java:55)
	at org.apache.solr.update.processor.AddSchemaFieldsUpdateProcessorFactory$AddSchemaFieldsUpdateProcessor.processAdd(AddSchemaFieldsUpdateProcessorFactory.java:475)
	at org.apache.solr.update.processor.UpdateRequestProcessor.processAdd(UpdateRequestProcessor.java:55)
	at org.apache.solr.update.processor.FieldMutatingUpdateProcessor.processAdd(FieldMutatingUpdateProcessor.java:118)
	at org.apache.solr.update.processor.UpdateRequestProcessor.processAdd(UpdateRequestProcessor.java:55)
	at org.apache.solr.update.processor.FieldMutatingUpdateProcessor.processAdd(FieldMutatingUpdateProcessor.java:118)
	at org.apache.solr.update.processor.UpdateRequestProcessor.processAdd(UpdateRequestProcessor.java:55)
	at org.apache.solr.update.processor.FieldMutatingUpdateProcessor.processAdd(FieldMutatingUpdateProcessor.java:118)
	at org.apache.solr.update.processor.UpdateRequestProcessor.processAdd(UpdateRequestProcessor.java:55)
	at org.apache.solr.update.processor.FieldMutatingUpdateProcessor.processAdd(FieldMutatingUpdateProcessor.java:118)
	at org.apache.solr.update.processor.UpdateRequestProcessor.processAdd(UpdateRequestProcessor.java:55)
	at org.apache.solr.update.processor.FieldNameMutatingUpdateProcessorFactory$1.processAdd(FieldNameMutatingUpdateProcessorFactory.java:75)
	at org.apache.solr.update.processor.UpdateRequestProcessor.processAdd(UpdateRequestProcessor.java:55)
	at org.apache.solr.update.processor.FieldMutatingUpdateProcessor.processAdd(FieldMutatingUpdateProcessor.java:118)
	at org.apache.solr.update.processor.UpdateRequestProcessor.processAdd(UpdateRequestProcessor.java:55)
	at org.apache.solr.update.processor.AbstractDefaultValueUpdateProcessorFactory$DefaultValueUpdateProcessor.processAdd(AbstractDefaultValueUpdateProcessorFactory.java:92)
	at org.apache.solr.handler.loader.JavabinLoader$1.update(JavabinLoader.java:98)
	at org.apache.solr.client.solrj.request.JavaBinUpdateRequestCodec$1.readOuterMostDocIterator(JavaBinUpdateRequestCodec.java:188)
	at org.apache.solr.client.solrj.request.JavaBinUpdateRequestCodec$1.readIterator(JavaBinUpdateRequestCodec.java:144)
	at org.apache.solr.common.util.JavaBinCodec.readObject(JavaBinCodec.java:311)
	at org.apache.solr.common.util.JavaBinCodec.readVal(JavaBinCodec.java:256)
	at org.apache.solr.client.solrj.request.JavaBinUpdateRequestCodec$1.readNamedList(JavaBinUpdateRequestCodec.java:130)
	at org.apache.solr.common.util.JavaBinCodec.readObject(JavaBinCodec.java:276)
	at org.apache.solr.common.util.JavaBinCodec.readVal(JavaBinCodec.java:256)
	at org.apache.solr.common.util.JavaBinCodec.unmarshal(JavaBinCodec.java:178)
	at org.apache.solr.client.solrj.request.JavaBinUpdateRequestCodec.unmarshal(JavaBinUpdateRequestCodec.java:195)
	at org.apache.solr.handler.loader.JavabinLoader.parseAndLoadDocs(JavabinLoader.java:109)
	at org.apache.solr.handler.loader.JavabinLoader.load(JavabinLoader.java:55)
	at org.apache.solr.handler.UpdateRequestHandler$1.load(UpdateRequestHandler.java:97)
	at org.apache.solr.handler.ContentStreamHandlerBase.handleRequestBody(ContentStreamHandlerBase.java:68)
	at org.apache.solr.handler.RequestHandlerBase.handleRequest(RequestHandlerBase.java:195)
	at org.apache.solr.core.SolrCore.execute(SolrCore.java:2503)
	at org.apache.solr.servlet.HttpSolrCall.execute(HttpSolrCall.java:711)
	at org.apache.solr.servlet.HttpSolrCall.call(HttpSolrCall.java:517)
	at org.apache.solr.servlet.SolrDispatchFilter.doFilter(SolrDispatchFilter.java:384)
	at org.apache.solr.servlet.SolrDispatchFilter.doFilter(SolrDispatchFilter.java:330)
	at org.eclipse.jetty.servlet.ServletHandler$CachedChain.doFilter(ServletHandler.java:1629)
	at org.eclipse.jetty.servlet.ServletHandler.doHandle(ServletHandler.java:533)
	at org.eclipse.jetty.server.handler.ScopedHandler.handle(ScopedHandler.java:143)
	at org.eclipse.jetty.security.SecurityHandler.handle(SecurityHandler.java:548)
	at org.eclipse.jetty.server.handler.HandlerWrapper.handle(HandlerWrapper.java:132)
	at org.eclipse.jetty.server.handler.ScopedHandler.nextHandle(ScopedHandler.java:190)
	at org.eclipse.jetty.server.session.SessionHandler.doHandle(SessionHandler.java:1595)
	at org.eclipse.jetty.server.handler.ScopedHandler.nextHandle(ScopedHandler.java:188)
	at org.eclipse.jetty.server.handler.ContextHandler.doHandle(ContextHandler.java:1253)
	at org.eclipse.jetty.server.handler.ScopedHandler.nextScope(ScopedHandler.java:168)
	at org.eclipse.jetty.servlet.ServletHandler.doScope(ServletHandler.java:473)
	at org.eclipse.jetty.server.session.SessionHandler.doScope(SessionHandler.java:1564)
	at org.eclipse.jetty.server.handler.ScopedHandler.nextScope(ScopedHandler.java:166)
	at org.eclipse.jetty.server.handler.ContextHandler.doScope(ContextHandler.java:1155)
	at org.eclipse.jetty.server.handler.ScopedHandler.handle(ScopedHandler.java:141)
	at org.eclipse.jetty.server.handler.ContextHandlerCollection.handle(ContextHandlerCollection.java:219)
	at org.eclipse.jetty.server.handler.HandlerCollection.handle(HandlerCollection.java:126)
	at org.eclipse.jetty.server.handler.HandlerWrapper.handle(HandlerWrapper.java:132)
	at org.eclipse.jetty.rewrite.handler.RewriteHandler.handle(RewriteHandler.java:335)
	at org.eclipse.jetty.server.handler.HandlerWrapper.handle(HandlerWrapper.java:132)
	at org.eclipse.jetty.server.Server.handle(Server.java:530)
	at org.eclipse.jetty.server.HttpChannel.handle(HttpChannel.java:347)
	at org.eclipse.jetty.server.HttpConnection.onFillable(HttpConnection.java:256)
	at org.eclipse.jetty.io.AbstractConnection$ReadCallback.succeeded(AbstractConnection.java:279)
	at org.eclipse.jetty.io.FillInterest.fillable(FillInterest.java:102)
	at org.eclipse.jetty.io.ChannelEndPoint$2.run(ChannelEndPoint.java:124)
	at org.eclipse.jetty.util.thread.strategy.EatWhatYouKill.doProduce(EatWhatYouKill.java:247)
	at org.eclipse.jetty.util.thread.strategy.EatWhatYouKill.produce(EatWhatYouKill.java:140)
	at org.eclipse.jetty.util.thread.strategy.EatWhatYouKill.run(EatWhatYouKill.java:131)
	at org.eclipse.jetty.util.thread.ReservedThreadExecutor$ReservedThread.run(ReservedThreadExecutor.java:382)
	at org.eclipse.jetty.util.thread.QueuedThreadPool.runJob(QueuedThreadPool.java:708)
	at org.eclipse.jetty.util.thread.QueuedThreadPool$2.run(QueuedThreadPool.java:626)
	at java.lang.Thread.run(Thread.java:748)

2019-05-27 13:24:08.866 INFO  (qtp191382150-22) [   ] o.a.s.s.HttpSolrCall [admin] webapp=null path=/admin/cores params={indexInfo=false&wt=json&_=1558963377072} status=0 QTime=0
2019-05-27 13:24:08.873 INFO  (qtp191382150-14) [   x:mycore] o.a.s.c.S.Request [mycore]  webapp=/solr path=/admin/luke params={show=schema&wt=json&_=1558963379113} status=0 QTime=7
2019-05-27 13:24:08.949 INFO  (qtp191382150-15) [   ] o.a.s.s.HttpSolrCall [admin] webapp=null path=/admin/info/system params={wt=json&_=1558963377072} status=0 QTime=73
2019-05-27 13:24:13.943 INFO  (qtp191382150-16) [   ] o.a.s.s.HttpSolrCall [admin] webapp=null path=/admin/cores params={indexInfo=false&wt=json&_=1558963377072} status=0 QTime=0
2019-05-27 13:24:13.955 INFO  (qtp191382150-20) [   x:mycore] o.a.s.c.S.Request [mycore]  webapp=/solr path=/admin/luke params={numTerms=0&show=index&wt=json&_=1558963379113} status=0 QTime=0
2019-05-27 13:24:13.961 INFO  (qtp191382150-14) [   x:mycore] o.a.s.c.S.Request [mycore]  webapp=/solr path=/replication params={wt=json&command=details&_=1558963379113} status=0 QTime=4
2019-05-27 13:24:13.968 INFO  (qtp191382150-18) [   x:mycore] o.a.s.c.S.Request [mycore]  webapp=/solr path=/admin/ping params={action=status&wt=json&_=1558963377072&ts=1558963377072} status=503 QTime=0
2019-05-27 13:24:14.059 INFO  (qtp191382150-16) [   x:mycore] o.a.s.c.S.Request [mycore]  webapp=/solr path=/admin/system params={wt=json&_=1558963379113} status=0 QTime=111
2019-05-27 13:24:14.059 INFO  (qtp191382150-22) [   ] o.a.s.s.HttpSolrCall [admin] webapp=null path=/admin/info/system params={wt=json&_=1558963377072} status=0 QTime=114
2019-05-27 13:24:18.542 INFO  (qtp191382150-14) [   ] o.a.s.s.HttpSolrCall [admin] webapp=null path=/admin/cores params={indexInfo=false&wt=json&_=1558963377072} status=0 QTime=0
2019-05-27 13:24:18.559 INFO  (qtp191382150-13) [   x:mycore] o.a.s.c.S.Request [mycore]  webapp=/solr path=/admin/mbeans params={cat=QUERY&wt=json&_=1558963458523} status=0 QTime=0
2019-05-27 13:24:18.604 INFO  (qtp191382150-15) [   ] o.a.s.s.HttpSolrCall [admin] webapp=null path=/admin/info/system params={wt=json&_=1558963377072} status=0 QTime=62
2019-05-27 13:24:18.613 INFO  (qtp191382150-18) [   ] o.a.s.s.HttpSolrCall [admin] webapp=null path=/admin/cores params={indexInfo=false&wt=json&_=1558963377072} status=0 QTime=0
2019-05-27 13:24:18.616 INFO  (qtp191382150-15) [   x:mycore] o.a.s.c.S.Request [mycore]  webapp=/solr path=/admin/mbeans params={cat=QUERY&wt=json&_=1558963458523} status=0 QTime=0
2019-05-27 13:24:18.673 INFO  (qtp191382150-13) [   ] o.a.s.s.HttpSolrCall [admin] webapp=null path=/admin/info/system params={wt=json&_=1558963377072} status=0 QTime=51
2019-05-27 13:24:19.536 INFO  (qtp191382150-15) [   x:mycore] o.a.s.c.S.Request [mycore]  webapp=/solr path=/admin/luke params={show=schema&wt=json&_=1558963379113} status=0 QTime=4
2019-05-27 13:24:19.552 INFO  (qtp191382150-13) [   ] o.a.s.s.HttpSolrCall [admin] webapp=null path=/admin/cores params={indexInfo=false&wt=json&_=1558963377072} status=0 QTime=0
2019-05-27 13:24:19.601 INFO  (qtp191382150-14) [   ] o.a.s.s.HttpSolrCall [admin] webapp=null path=/admin/info/system params={wt=json&_=1558963377072} status=0 QTime=70
2019-05-27 13:24:21.515 INFO  (qtp191382150-14) [   ] o.a.s.s.HttpSolrCall [admin] webapp=null path=/admin/cores params={indexInfo=false&wt=json&_=1558963377072} status=0 QTime=0
2019-05-27 13:24:21.516 INFO  (qtp191382150-18) [   x:mycore] o.a.s.c.S.Request [mycore]  webapp=/solr path=/admin/file params={wt=json&_=1558963461506} status=0 QTime=1
2019-05-27 13:24:21.550 INFO  (qtp191382150-14) [   x:mycore] o.a.s.c.S.Request [mycore]  webapp=/solr path=/admin/file params={file=lang&wt=json&_=1558963461506} status=0 QTime=6
2019-05-27 13:24:21.588 INFO  (qtp191382150-18) [   ] o.a.s.s.HttpSolrCall [admin] webapp=null path=/admin/info/system params={wt=json&_=1558963377072} status=0 QTime=70
2019-05-27 13:24:24.131 INFO  (qtp191382150-21) [   x:mycore] o.a.s.c.S.Request [mycore]  webapp=/solr path=/admin/ping params={wt=json&_=1558963377072&ts=1558963377072} hits=3 status=0 QTime=2
2019-05-27 13:24:24.131 INFO  (qtp191382150-21) [   x:mycore] o.a.s.c.S.Request [mycore]  webapp=/solr path=/admin/ping params={wt=json&_=1558963377072&ts=1558963377072} status=0 QTime=2
2019-05-27 13:24:25.051 INFO  (qtp191382150-21) [   ] o.a.s.s.HttpSolrCall [admin] webapp=null path=/admin/cores params={indexInfo=false&wt=json&_=1558963377072} status=0 QTime=0
2019-05-27 13:24:25.132 INFO  (qtp191382150-15) [   ] o.a.s.s.HttpSolrCall [admin] webapp=null path=/admin/info/system params={wt=json&_=1558963377072} status=0 QTime=81
2019-05-27 13:24:25.185 INFO  (qtp191382150-18) [   x:mycore] o.a.s.c.S.Request [mycore]  webapp=/solr path=/admin/mbeans params={stats=true&wt=json&_=1558963458523} status=0 QTime=134
2019-05-27 13:24:26.500 INFO  (qtp191382150-15) [   ] o.a.s.s.HttpSolrCall [admin] webapp=null path=/admin/cores params={indexInfo=false&wt=json&_=1558963377072} status=0 QTime=0
2019-05-27 13:24:26.550 INFO  (qtp191382150-13) [   ] o.a.s.s.HttpSolrCall [admin] webapp=null path=/admin/info/system params={wt=json&_=1558963377072} status=0 QTime=49
2019-05-27 13:24:30.050 INFO  (qtp191382150-21) [   ] o.a.s.s.HttpSolrCall [admin] webapp=null path=/admin/cores params={indexInfo=false&wt=json&_=1558963377072} status=0 QTime=0
2019-05-27 13:24:30.062 INFO  (qtp191382150-13) [   x:mycore] o.a.s.c.S.Request [mycore]  webapp=/solr path=/replication params={wt=json&command=details&_=1558963379113} status=0 QTime=1
2019-05-27 13:24:30.116 INFO  (qtp191382150-18) [   ] o.a.s.s.HttpSolrCall [admin] webapp=null path=/admin/info/system params={wt=json&_=1558963377072} status=0 QTime=66
2019-05-27 13:24:31.105 INFO  (qtp191382150-18) [   x:mycore] o.a.s.c.S.Request [mycore]  webapp=/solr path=/admin/luke params={show=schema&wt=json&_=1558963379113} status=0 QTime=4
2019-05-27 13:24:31.134 INFO  (qtp191382150-18) [   ] o.a.s.s.HttpSolrCall [admin] webapp=null path=/admin/cores params={indexInfo=false&wt=json&_=1558963377072} status=0 QTime=0
2019-05-27 13:24:31.175 INFO  (qtp191382150-15) [   x:mycore] o.a.s.c.S.Request [mycore]  webapp=/solr path=/config params={wt=json&_=1558963471075} status=0 QTime=53
2019-05-27 13:24:31.201 INFO  (qtp191382150-21) [   ] o.a.s.s.HttpSolrCall [admin] webapp=null path=/admin/info/system params={wt=json&_=1558963377072} status=0 QTime=91
2019-05-27 13:24:31.223 INFO  (qtp191382150-18) [   x:mycore] o.a.s.c.S.Request [mycore]  webapp=/solr path=/admin/luke params={numTerms=0&wt=json&_=1558963379113} status=0 QTime=22
2019-05-27 13:24:32.246 INFO  (qtp191382150-15) [   ] o.a.s.s.HttpSolrCall [admin] webapp=null path=/admin/cores params={indexInfo=false&wt=json&_=1558963377072} status=0 QTime=0
2019-05-27 13:24:32.253 INFO  (qtp191382150-14) [   x:mycore] o.a.s.c.S.Request [mycore]  webapp=/solr path=/replication params={wt=json&command=details&_=1558963379113} status=0 QTime=3
2019-05-27 13:24:32.290 INFO  (qtp191382150-19) [   ] o.a.s.s.HttpSolrCall [admin] webapp=null path=/admin/info/system params={wt=json&_=1558963377072} status=0 QTime=44
2019-05-27 13:24:35.183 INFO  (qtp191382150-16) [   x:mycore] o.a.s.c.S.Request [mycore]  webapp=/solr path=/admin/luke params={show=schema&wt=json&_=1558963379113} status=0 QTime=2
2019-05-27 13:24:35.198 INFO  (qtp191382150-15) [   x:mycore] o.a.s.c.S.Request [mycore]  webapp=/solr path=/config params={wt=json&_=1558963471075} status=0 QTime=2
2019-05-27 13:24:35.212 INFO  (qtp191382150-19) [   ] o.a.s.s.HttpSolrCall [admin] webapp=null path=/admin/cores params={indexInfo=false&wt=json&_=1558963377072} status=0 QTime=8
2019-05-27 13:24:35.262 INFO  (qtp191382150-14) [   ] o.a.s.s.HttpSolrCall [admin] webapp=null path=/admin/info/system params={wt=json&_=1558963377072} status=0 QTime=58
2019-05-27 13:24:35.268 INFO  (qtp191382150-15) [   x:mycore] o.a.s.c.S.Request [mycore]  webapp=/solr path=/admin/luke params={numTerms=0&wt=json&_=1558963379113} status=0 QTime=2
2019-05-27 13:24:36.126 INFO  (qtp191382150-15) [   ] o.a.s.s.HttpSolrCall [admin] webapp=null path=/admin/cores params={indexInfo=false&wt=json&_=1558963377072} status=0 QTime=0
2019-05-27 13:24:36.145 INFO  (qtp191382150-19) [   x:mycore] o.a.s.c.S.Request [mycore]  webapp=/solr path=/admin/segments params={wt=json&_=1558963476119} status=0 QTime=16
2019-05-27 13:24:36.174 INFO  (qtp191382150-16) [   ] o.a.s.s.HttpSolrCall [admin] webapp=null path=/admin/info/system params={wt=json&_=1558963377072} status=0 QTime=48
2019-05-27 13:24:40.593 INFO  (qtp191382150-14) [   x:mycore] o.a.s.c.S.Request [mycore]  webapp=/solr path=/admin/ping params={action=status&wt=json&_=1558963377072&ts=1558963377072} status=503 QTime=0
2019-05-27 13:24:40.603 INFO  (qtp191382150-14) [   ] o.a.s.s.HttpSolrCall [admin] webapp=null path=/admin/cores params={indexInfo=false&wt=json&_=1558963377072} status=0 QTime=0
2019-05-27 13:24:40.612 INFO  (qtp191382150-13) [   x:mycore] o.a.s.c.S.Request [mycore]  webapp=/solr path=/admin/luke params={numTerms=0&show=index&wt=json&_=1558963379113} status=0 QTime=4
2019-05-27 13:24:40.615 INFO  (qtp191382150-16) [   x:mycore] o.a.s.c.S.Request [mycore]  webapp=/solr path=/replication params={wt=json&command=details&_=1558963379113} status=0 QTime=24
2019-05-27 13:24:40.691 INFO  (qtp191382150-20) [   x:mycore] o.a.s.c.S.Request [mycore]  webapp=/solr path=/admin/system params={wt=json&_=1558963379113} status=0 QTime=94
2019-05-27 13:24:40.692 INFO  (qtp191382150-15) [   ] o.a.s.s.HttpSolrCall [admin] webapp=null path=/admin/info/system params={wt=json&_=1558963377072} status=0 QTime=104
2019-05-27 13:24:41.770 INFO  (qtp191382150-19) [   x:mycore] o.a.s.c.S.Request [mycore]  webapp=/solr path=/admin/luke params={show=schema&wt=json&_=1558963379113} status=0 QTime=5
2019-05-27 13:24:41.783 INFO  (qtp191382150-16) [   ] o.a.s.s.HttpSolrCall [admin] webapp=null path=/admin/cores params={indexInfo=false&wt=json&_=1558963377072} status=0 QTime=0
2019-05-27 13:24:41.821 INFO  (qtp191382150-35) [   ] o.a.s.s.HttpSolrCall [admin] webapp=null path=/admin/info/system params={wt=json&_=1558963377072} status=0 QTime=63
2019-05-27 13:31:04.597 INFO  (qtp191382150-13) [   ] o.a.s.s.HttpSolrCall [admin] webapp=null path=/admin/cores params={indexInfo=false&wt=json&_=1558963377072} status=0 QTime=0
2019-05-27 13:31:04.602 INFO  (qtp191382150-14) [   x:mycore] o.a.s.c.S.Request [mycore]  webapp=/solr path=/admin/luke params={show=schema&wt=json&_=1558963379113} status=0 QTime=1
2019-05-27 13:31:04.663 INFO  (qtp191382150-19) [   ] o.a.s.s.HttpSolrCall [admin] webapp=null path=/admin/info/system params={wt=json&_=1558963377072} status=0 QTime=64
2019-05-27 13:31:14.151 INFO  (qtp191382150-35) [   ] o.a.s.s.HttpSolrCall [admin] webapp=null path=/admin/cores params={indexInfo=false&wt=json&_=1558963377072} status=0 QTime=0
2019-05-27 13:31:14.196 INFO  (qtp191382150-19) [   ] o.a.s.s.HttpSolrCall [admin] webapp=null path=/admin/info/system params={wt=json&_=1558963377072} status=0 QTime=45
2019-05-27 13:31:15.655 INFO  (qtp191382150-14) [   x:mycore] o.a.s.c.S.Request [mycore]  webapp=/solr path=/select params={q=*:*&_=1558963382976} hits=3 status=0 QTime=0
2019-05-27 13:31:23.027 INFO  (qtp191382150-14) [   x:mycore] o.a.s.c.S.Request [mycore]  webapp=/solr path=/admin/luke params={show=schema&wt=json&_=1558963379113} status=0 QTime=1
2019-05-27 13:31:23.027 INFO  (qtp191382150-20) [   ] o.a.s.s.HttpSolrCall [admin] webapp=null path=/admin/cores params={indexInfo=false&wt=json&_=1558963377072} status=0 QTime=0
2019-05-27 13:31:23.083 INFO  (qtp191382150-19) [   ] o.a.s.s.HttpSolrCall [admin] webapp=null path=/admin/info/system params={wt=json&_=1558963377072} status=0 QTime=59
2019-05-27 13:31:55.645 INFO  (qtp191382150-35) [   x:mycore] o.a.s.u.p.LogUpdateProcessorFactory [mycore]  webapp=/solr path=/update params={commitWithin=1000&overwrite=true&wt=json&_=1558963379113}{} 0 5
2019-05-27 13:31:55.646 ERROR (qtp191382150-35) [   x:mycore] o.a.s.h.RequestHandlerBase org.apache.solr.common.SolrException: Cannot parse provided JSON: JSON Parse Error: char=<,position=1 AFTER='[<' BEFORE='delete><id>33</id></delete>]'
	at org.apache.solr.handler.loader.JsonLoader$SingleThreadedJsonLoader.load(JsonLoader.java:123)
	at org.apache.solr.handler.loader.JsonLoader.load(JsonLoader.java:84)
	at org.apache.solr.handler.UpdateRequestHandler$1.load(UpdateRequestHandler.java:97)
	at org.apache.solr.handler.ContentStreamHandlerBase.handleRequestBody(ContentStreamHandlerBase.java:68)
	at org.apache.solr.handler.RequestHandlerBase.handleRequest(RequestHandlerBase.java:195)
	at org.apache.solr.core.SolrCore.execute(SolrCore.java:2503)
	at org.apache.solr.servlet.HttpSolrCall.execute(HttpSolrCall.java:711)
	at org.apache.solr.servlet.HttpSolrCall.call(HttpSolrCall.java:517)
	at org.apache.solr.servlet.SolrDispatchFilter.doFilter(SolrDispatchFilter.java:384)
	at org.apache.solr.servlet.SolrDispatchFilter.doFilter(SolrDispatchFilter.java:330)
	at org.eclipse.jetty.servlet.ServletHandler$CachedChain.doFilter(ServletHandler.java:1629)
	at org.eclipse.jetty.servlet.ServletHandler.doHandle(ServletHandler.java:533)
	at org.eclipse.jetty.server.handler.ScopedHandler.handle(ScopedHandler.java:143)
	at org.eclipse.jetty.security.SecurityHandler.handle(SecurityHandler.java:548)
	at org.eclipse.jetty.server.handler.HandlerWrapper.handle(HandlerWrapper.java:132)
	at org.eclipse.jetty.server.handler.ScopedHandler.nextHandle(ScopedHandler.java:190)
	at org.eclipse.jetty.server.session.SessionHandler.doHandle(SessionHandler.java:1595)
	at org.eclipse.jetty.server.handler.ScopedHandler.nextHandle(ScopedHandler.java:188)
	at org.eclipse.jetty.server.handler.ContextHandler.doHandle(ContextHandler.java:1253)
	at org.eclipse.jetty.server.handler.ScopedHandler.nextScope(ScopedHandler.java:168)
	at org.eclipse.jetty.servlet.ServletHandler.doScope(ServletHandler.java:473)
	at org.eclipse.jetty.server.session.SessionHandler.doScope(SessionHandler.java:1564)
	at org.eclipse.jetty.server.handler.ScopedHandler.nextScope(ScopedHandler.java:166)
	at org.eclipse.jetty.server.handler.ContextHandler.doScope(ContextHandler.java:1155)
	at org.eclipse.jetty.server.handler.ScopedHandler.handle(ScopedHandler.java:141)
	at org.eclipse.jetty.server.handler.ContextHandlerCollection.handle(ContextHandlerCollection.java:219)
	at org.eclipse.jetty.server.handler.HandlerCollection.handle(HandlerCollection.java:126)
	at org.eclipse.jetty.server.handler.HandlerWrapper.handle(HandlerWrapper.java:132)
	at org.eclipse.jetty.rewrite.handler.RewriteHandler.handle(RewriteHandler.java:335)
	at org.eclipse.jetty.server.handler.HandlerWrapper.handle(HandlerWrapper.java:132)
	at org.eclipse.jetty.server.Server.handle(Server.java:530)
	at org.eclipse.jetty.server.HttpChannel.handle(HttpChannel.java:347)
	at org.eclipse.jetty.server.HttpConnection.onFillable(HttpConnection.java:256)
	at org.eclipse.jetty.io.AbstractConnection$ReadCallback.succeeded(AbstractConnection.java:279)
	at org.eclipse.jetty.io.FillInterest.fillable(FillInterest.java:102)
	at org.eclipse.jetty.io.ChannelEndPoint$2.run(ChannelEndPoint.java:124)
	at org.eclipse.jetty.util.thread.strategy.EatWhatYouKill.doProduce(EatWhatYouKill.java:247)
	at org.eclipse.jetty.util.thread.strategy.EatWhatYouKill.produce(EatWhatYouKill.java:140)
	at org.eclipse.jetty.util.thread.strategy.EatWhatYouKill.run(EatWhatYouKill.java:131)
	at org.eclipse.jetty.util.thread.ReservedThreadExecutor$ReservedThread.run(ReservedThreadExecutor.java:382)
	at org.eclipse.jetty.util.thread.QueuedThreadPool.runJob(QueuedThreadPool.java:708)
	at org.eclipse.jetty.util.thread.QueuedThreadPool$2.run(QueuedThreadPool.java:626)
	at java.lang.Thread.run(Thread.java:748)

2019-05-27 13:32:49.751 INFO  (qtp191382150-34) [   x:mycore] o.a.s.u.p.LogUpdateProcessorFactory [mycore]  webapp=/solr path=/update params={commitWithin=1000&overwrite=true&wt=json&_=1558963379113}{} 0 0
2019-05-27 13:32:49.752 ERROR (qtp191382150-34) [   x:mycore] o.a.s.h.RequestHandlerBase org.apache.solr.common.SolrException: Cannot parse provided JSON: JSON Parse Error: char=<,position=1 AFTER='[<' BEFORE='delete><id>33</id></delete>]'
	at org.apache.solr.handler.loader.JsonLoader$SingleThreadedJsonLoader.load(JsonLoader.java:123)
	at org.apache.solr.handler.loader.JsonLoader.load(JsonLoader.java:84)
	at org.apache.solr.handler.UpdateRequestHandler$1.load(UpdateRequestHandler.java:97)
	at org.apache.solr.handler.ContentStreamHandlerBase.handleRequestBody(ContentStreamHandlerBase.java:68)
	at org.apache.solr.handler.RequestHandlerBase.handleRequest(RequestHandlerBase.java:195)
	at org.apache.solr.core.SolrCore.execute(SolrCore.java:2503)
	at org.apache.solr.servlet.HttpSolrCall.execute(HttpSolrCall.java:711)
	at org.apache.solr.servlet.HttpSolrCall.call(HttpSolrCall.java:517)
	at org.apache.solr.servlet.SolrDispatchFilter.doFilter(SolrDispatchFilter.java:384)
	at org.apache.solr.servlet.SolrDispatchFilter.doFilter(SolrDispatchFilter.java:330)
	at org.eclipse.jetty.servlet.ServletHandler$CachedChain.doFilter(ServletHandler.java:1629)
	at org.eclipse.jetty.servlet.ServletHandler.doHandle(ServletHandler.java:533)
	at org.eclipse.jetty.server.handler.ScopedHandler.handle(ScopedHandler.java:143)
	at org.eclipse.jetty.security.SecurityHandler.handle(SecurityHandler.java:548)
	at org.eclipse.jetty.server.handler.HandlerWrapper.handle(HandlerWrapper.java:132)
	at org.eclipse.jetty.server.handler.ScopedHandler.nextHandle(ScopedHandler.java:190)
	at org.eclipse.jetty.server.session.SessionHandler.doHandle(SessionHandler.java:1595)
	at org.eclipse.jetty.server.handler.ScopedHandler.nextHandle(ScopedHandler.java:188)
	at org.eclipse.jetty.server.handler.ContextHandler.doHandle(ContextHandler.java:1253)
	at org.eclipse.jetty.server.handler.ScopedHandler.nextScope(ScopedHandler.java:168)
	at org.eclipse.jetty.servlet.ServletHandler.doScope(ServletHandler.java:473)
	at org.eclipse.jetty.server.session.SessionHandler.doScope(SessionHandler.java:1564)
	at org.eclipse.jetty.server.handler.ScopedHandler.nextScope(ScopedHandler.java:166)
	at org.eclipse.jetty.server.handler.ContextHandler.doScope(ContextHandler.java:1155)
	at org.eclipse.jetty.server.handler.ScopedHandler.handle(ScopedHandler.java:141)
	at org.eclipse.jetty.server.handler.ContextHandlerCollection.handle(ContextHandlerCollection.java:219)
	at org.eclipse.jetty.server.handler.HandlerCollection.handle(HandlerCollection.java:126)
	at org.eclipse.jetty.server.handler.HandlerWrapper.handle(HandlerWrapper.java:132)
	at org.eclipse.jetty.rewrite.handler.RewriteHandler.handle(RewriteHandler.java:335)
	at org.eclipse.jetty.server.handler.HandlerWrapper.handle(HandlerWrapper.java:132)
	at org.eclipse.jetty.server.Server.handle(Server.java:530)
	at org.eclipse.jetty.server.HttpChannel.handle(HttpChannel.java:347)
	at org.eclipse.jetty.server.HttpConnection.onFillable(HttpConnection.java:256)
	at org.eclipse.jetty.io.AbstractConnection$ReadCallback.succeeded(AbstractConnection.java:279)
	at org.eclipse.jetty.io.FillInterest.fillable(FillInterest.java:102)
	at org.eclipse.jetty.io.ChannelEndPoint$2.run(ChannelEndPoint.java:124)
	at org.eclipse.jetty.util.thread.QueuedThreadPool.runJob(QueuedThreadPool.java:708)
	at org.eclipse.jetty.util.thread.QueuedThreadPool$2.run(QueuedThreadPool.java:626)
	at java.lang.Thread.run(Thread.java:748)

2019-05-27 13:32:51.399 INFO  (qtp191382150-19) [   x:mycore] o.a.s.u.p.LogUpdateProcessorFactory [mycore]  webapp=/solr path=/update params={commitWithin=1000&overwrite=true&wt=json&_=1558963379113}{} 0 0
2019-05-27 13:32:51.400 ERROR (qtp191382150-19) [   x:mycore] o.a.s.h.RequestHandlerBase org.apache.solr.common.SolrException: Cannot parse provided JSON: JSON Parse Error: char=<,position=1 AFTER='[<' BEFORE='delete><id>33</id></delete>]'
	at org.apache.solr.handler.loader.JsonLoader$SingleThreadedJsonLoader.load(JsonLoader.java:123)
	at org.apache.solr.handler.loader.JsonLoader.load(JsonLoader.java:84)
	at org.apache.solr.handler.UpdateRequestHandler$1.load(UpdateRequestHandler.java:97)
	at org.apache.solr.handler.ContentStreamHandlerBase.handleRequestBody(ContentStreamHandlerBase.java:68)
	at org.apache.solr.handler.RequestHandlerBase.handleRequest(RequestHandlerBase.java:195)
	at org.apache.solr.core.SolrCore.execute(SolrCore.java:2503)
	at org.apache.solr.servlet.HttpSolrCall.execute(HttpSolrCall.java:711)
	at org.apache.solr.servlet.HttpSolrCall.call(HttpSolrCall.java:517)
	at org.apache.solr.servlet.SolrDispatchFilter.doFilter(SolrDispatchFilter.java:384)
	at org.apache.solr.servlet.SolrDispatchFilter.doFilter(SolrDispatchFilter.java:330)
	at org.eclipse.jetty.servlet.ServletHandler$CachedChain.doFilter(ServletHandler.java:1629)
	at org.eclipse.jetty.servlet.ServletHandler.doHandle(ServletHandler.java:533)
	at org.eclipse.jetty.server.handler.ScopedHandler.handle(ScopedHandler.java:143)
	at org.eclipse.jetty.security.SecurityHandler.handle(SecurityHandler.java:548)
	at org.eclipse.jetty.server.handler.HandlerWrapper.handle(HandlerWrapper.java:132)
	at org.eclipse.jetty.server.handler.ScopedHandler.nextHandle(ScopedHandler.java:190)
	at org.eclipse.jetty.server.session.SessionHandler.doHandle(SessionHandler.java:1595)
	at org.eclipse.jetty.server.handler.ScopedHandler.nextHandle(ScopedHandler.java:188)
	at org.eclipse.jetty.server.handler.ContextHandler.doHandle(ContextHandler.java:1253)
	at org.eclipse.jetty.server.handler.ScopedHandler.nextScope(ScopedHandler.java:168)
	at org.eclipse.jetty.servlet.ServletHandler.doScope(ServletHandler.java:473)
	at org.eclipse.jetty.server.session.SessionHandler.doScope(SessionHandler.java:1564)
	at org.eclipse.jetty.server.handler.ScopedHandler.nextScope(ScopedHandler.java:166)
	at org.eclipse.jetty.server.handler.ContextHandler.doScope(ContextHandler.java:1155)
	at org.eclipse.jetty.server.handler.ScopedHandler.handle(ScopedHandler.java:141)
	at org.eclipse.jetty.server.handler.ContextHandlerCollection.handle(ContextHandlerCollection.java:219)
	at org.eclipse.jetty.server.handler.HandlerCollection.handle(HandlerCollection.java:126)
	at org.eclipse.jetty.server.handler.HandlerWrapper.handle(HandlerWrapper.java:132)
	at org.eclipse.jetty.rewrite.handler.RewriteHandler.handle(RewriteHandler.java:335)
	at org.eclipse.jetty.server.handler.HandlerWrapper.handle(HandlerWrapper.java:132)
	at org.eclipse.jetty.server.Server.handle(Server.java:530)
	at org.eclipse.jetty.server.HttpChannel.handle(HttpChannel.java:347)
	at org.eclipse.jetty.server.HttpConnection.onFillable(HttpConnection.java:256)
	at org.eclipse.jetty.io.AbstractConnection$ReadCallback.succeeded(AbstractConnection.java:279)
	at org.eclipse.jetty.io.FillInterest.fillable(FillInterest.java:102)
	at org.eclipse.jetty.io.ChannelEndPoint$2.run(ChannelEndPoint.java:124)
	at org.eclipse.jetty.util.thread.strategy.EatWhatYouKill.doProduce(EatWhatYouKill.java:247)
	at org.eclipse.jetty.util.thread.strategy.EatWhatYouKill.produce(EatWhatYouKill.java:140)
	at org.eclipse.jetty.util.thread.strategy.EatWhatYouKill.run(EatWhatYouKill.java:131)
	at org.eclipse.jetty.util.thread.ReservedThreadExecutor$ReservedThread.run(ReservedThreadExecutor.java:382)
	at org.eclipse.jetty.util.thread.QueuedThreadPool.runJob(QueuedThreadPool.java:708)
	at org.eclipse.jetty.util.thread.QueuedThreadPool$2.run(QueuedThreadPool.java:626)
	at java.lang.Thread.run(Thread.java:748)

2019-05-27 13:32:59.788 INFO  (qtp191382150-20) [   ] o.a.s.s.HttpSolrCall [admin] webapp=null path=/admin/cores params={indexInfo=false&wt=json&_=1558963377072} status=0 QTime=1
2019-05-27 13:32:59.838 INFO  (qtp191382150-13) [   ] o.a.s.s.HttpSolrCall [admin] webapp=null path=/admin/info/system params={wt=json&_=1558963377072} status=0 QTime=46
2019-05-27 13:33:01.919 INFO  (qtp191382150-19) [   ] o.a.s.s.HttpSolrCall [admin] webapp=null path=/admin/cores params={indexInfo=false&wt=json&_=1558963377072} status=0 QTime=0
2019-05-27 13:33:01.929 INFO  (qtp191382150-16) [   x:mycore] o.a.s.c.S.Request [mycore]  webapp=/solr path=/admin/luke params={show=schema&wt=json&_=1558963379113} status=0 QTime=3
2019-05-27 13:33:01.974 INFO  (qtp191382150-20) [   ] o.a.s.s.HttpSolrCall [admin] webapp=null path=/admin/info/system params={wt=json&_=1558963377072} status=0 QTime=55
2019-05-27 13:33:50.687 INFO  (qtp191382150-13) [   x:mycore] o.a.s.u.p.LogUpdateProcessorFactory [mycore]  webapp=/solr path=/update params={commitWithin=1000&overwrite=true&wt=json&_=1558963379113}{delete=[33 (-1634692267436408832), 34 (-1634692267440603136), 35 (-1634692267440603137)]} 0 1799
2019-05-27 13:33:51.004 INFO  (qtp191382150-20) [   ] o.a.s.s.HttpSolrCall [admin] webapp=null path=/admin/cores params={indexInfo=false&wt=json&_=1558963377072} status=0 QTime=0
2019-05-27 13:33:51.059 INFO  (qtp191382150-13) [   ] o.a.s.s.HttpSolrCall [admin] webapp=null path=/admin/info/system params={wt=json&_=1558963377072} status=0 QTime=52
2019-05-27 13:33:51.689 INFO  (commitScheduler-11-thread-1) [   x:mycore] o.a.s.u.DirectUpdateHandler2 start commit{,optimize=false,openSearcher=true,waitSearcher=true,expungeDeletes=false,softCommit=true,prepareCommit=false}
2019-05-27 13:33:51.727 INFO  (commitScheduler-11-thread-1) [   x:mycore] o.a.s.s.SolrIndexSearcher Opening [Searcher@21cbccc5[mycore] main]
2019-05-27 13:33:51.731 INFO  (commitScheduler-11-thread-1) [   x:mycore] o.a.s.u.DirectUpdateHandler2 end_commit_flush
2019-05-27 13:33:51.737 INFO  (searcherExecutor-7-thread-1-processing-x:mycore) [   x:mycore] o.a.s.c.QuerySenderListener QuerySenderListener sending requests to Searcher@21cbccc5[mycore] main{ExitableDirectoryReader(UninvertingDirectoryReader())}
2019-05-27 13:33:51.737 INFO  (searcherExecutor-7-thread-1-processing-x:mycore) [   x:mycore] o.a.s.c.QuerySenderListener QuerySenderListener done.
2019-05-27 13:33:51.738 INFO  (searcherExecutor-7-thread-1-processing-x:mycore) [   x:mycore] o.a.s.c.SolrCore [mycore] Registered new searcher Searcher@21cbccc5[mycore] main{ExitableDirectoryReader(UninvertingDirectoryReader())}
2019-05-27 13:33:53.191 INFO  (qtp191382150-19) [   x:mycore] o.a.s.c.S.Request [mycore]  webapp=/solr path=/admin/luke params={show=schema&wt=json&_=1558963379113} status=0 QTime=2
2019-05-27 13:33:53.207 INFO  (qtp191382150-19) [   ] o.a.s.s.HttpSolrCall [admin] webapp=null path=/admin/cores params={indexInfo=false&wt=json&_=1558963377072} status=0 QTime=0
2019-05-27 13:33:53.255 INFO  (qtp191382150-20) [   ] o.a.s.s.HttpSolrCall [admin] webapp=null path=/admin/info/system params={wt=json&_=1558963377072} status=0 QTime=71
2019-05-27 13:33:55.197 INFO  (qtp191382150-13) [   ] o.a.s.s.HttpSolrCall [admin] webapp=null path=/admin/cores params={indexInfo=false&wt=json&_=1558963377072} status=0 QTime=0
2019-05-27 13:33:55.249 INFO  (qtp191382150-21) [   ] o.a.s.s.HttpSolrCall [admin] webapp=null path=/admin/info/system params={wt=json&_=1558963377072} status=0 QTime=52
2019-05-27 13:33:56.408 INFO  (qtp191382150-19) [   x:mycore] o.a.s.c.S.Request [mycore]  webapp=/solr path=/select params={q=*:*&_=1558963382976} hits=0 status=0 QTime=1
2019-05-27 13:34:05.685 INFO  (commitScheduler-10-thread-1) [   x:mycore] o.a.s.u.DirectUpdateHandler2 start commit{,optimize=false,openSearcher=false,waitSearcher=true,expungeDeletes=false,softCommit=false,prepareCommit=false}
2019-05-27 13:34:05.687 INFO  (commitScheduler-10-thread-1) [   x:mycore] o.a.s.u.SolrIndexWriter Calling setCommitData with IW:org.apache.solr.update.SolrIndexWriter@197a5a96 commitCommandVersion:0
2019-05-27 13:34:05.844 INFO  (commitScheduler-10-thread-1) [   x:mycore] o.a.s.s.SolrIndexSearcher Opening [Searcher@679c0cc4[mycore] realtime]
2019-05-27 13:34:05.845 INFO  (commitScheduler-10-thread-1) [   x:mycore] o.a.s.u.DirectUpdateHandler2 end_commit_flush
2019-05-27 13:34:20.899 INFO  (qtp191382150-19) [   x:mycore] o.a.s.u.p.LogUpdateProcessorFactory [mycore]  webapp=/solr path=/update params={wt=javabin&version=2}{} 0 1
2019-05-27 13:34:20.900 ERROR (qtp191382150-19) [   x:mycore] o.a.s.h.RequestHandlerBase org.apache.solr.common.SolrException: [doc=32] missing required field: title
	at org.apache.solr.update.DocumentBuilder.toDocument(DocumentBuilder.java:233)
	at org.apache.solr.update.AddUpdateCommand.getLuceneDocument(AddUpdateCommand.java:101)
	at org.apache.solr.update.DirectUpdateHandler2.updateDocument(DirectUpdateHandler2.java:963)
	at org.apache.solr.update.DirectUpdateHandler2.updateDocOrDocValues(DirectUpdateHandler2.java:954)
	at org.apache.solr.update.DirectUpdateHandler2.doNormalUpdate(DirectUpdateHandler2.java:334)
	at org.apache.solr.update.DirectUpdateHandler2.addDoc0(DirectUpdateHandler2.java:271)
	at org.apache.solr.update.DirectUpdateHandler2.addDoc(DirectUpdateHandler2.java:221)
	at org.apache.solr.update.processor.RunUpdateProcessor.processAdd(RunUpdateProcessorFactory.java:67)
	at org.apache.solr.update.processor.UpdateRequestProcessor.processAdd(UpdateRequestProcessor.java:55)
	at org.apache.solr.update.processor.DistributedUpdateProcessor.doLocalAdd(DistributedUpdateProcessor.java:950)
	at org.apache.solr.update.processor.DistributedUpdateProcessor.versionAdd(DistributedUpdateProcessor.java:1163)
	at org.apache.solr.update.processor.DistributedUpdateProcessor.processAdd(DistributedUpdateProcessor.java:633)
	at org.apache.solr.update.processor.LogUpdateProcessorFactory$LogUpdateProcessor.processAdd(LogUpdateProcessorFactory.java:103)
	at org.apache.solr.update.processor.UpdateRequestProcessor.processAdd(UpdateRequestProcessor.java:55)
	at org.apache.solr.update.processor.AddSchemaFieldsUpdateProcessorFactory$AddSchemaFieldsUpdateProcessor.processAdd(AddSchemaFieldsUpdateProcessorFactory.java:475)
	at org.apache.solr.update.processor.UpdateRequestProcessor.processAdd(UpdateRequestProcessor.java:55)
	at org.apache.solr.update.processor.FieldMutatingUpdateProcessor.processAdd(FieldMutatingUpdateProcessor.java:118)
	at org.apache.solr.update.processor.UpdateRequestProcessor.processAdd(UpdateRequestProcessor.java:55)
	at org.apache.solr.update.processor.FieldMutatingUpdateProcessor.processAdd(FieldMutatingUpdateProcessor.java:118)
	at org.apache.solr.update.processor.UpdateRequestProcessor.processAdd(UpdateRequestProcessor.java:55)
	at org.apache.solr.update.processor.FieldMutatingUpdateProcessor.processAdd(FieldMutatingUpdateProcessor.java:118)
	at org.apache.solr.update.processor.UpdateRequestProcessor.processAdd(UpdateRequestProcessor.java:55)
	at org.apache.solr.update.processor.FieldMutatingUpdateProcessor.processAdd(FieldMutatingUpdateProcessor.java:118)
	at org.apache.solr.update.processor.UpdateRequestProcessor.processAdd(UpdateRequestProcessor.java:55)
	at org.apache.solr.update.processor.FieldNameMutatingUpdateProcessorFactory$1.processAdd(FieldNameMutatingUpdateProcessorFactory.java:75)
	at org.apache.solr.update.processor.UpdateRequestProcessor.processAdd(UpdateRequestProcessor.java:55)
	at org.apache.solr.update.processor.FieldMutatingUpdateProcessor.processAdd(FieldMutatingUpdateProcessor.java:118)
	at org.apache.solr.update.processor.UpdateRequestProcessor.processAdd(UpdateRequestProcessor.java:55)
	at org.apache.solr.update.processor.AbstractDefaultValueUpdateProcessorFactory$DefaultValueUpdateProcessor.processAdd(AbstractDefaultValueUpdateProcessorFactory.java:92)
	at org.apache.solr.handler.loader.JavabinLoader$1.update(JavabinLoader.java:98)
	at org.apache.solr.client.solrj.request.JavaBinUpdateRequestCodec$1.readOuterMostDocIterator(JavaBinUpdateRequestCodec.java:188)
	at org.apache.solr.client.solrj.request.JavaBinUpdateRequestCodec$1.readIterator(JavaBinUpdateRequestCodec.java:144)
	at org.apache.solr.common.util.JavaBinCodec.readObject(JavaBinCodec.java:311)
	at org.apache.solr.common.util.JavaBinCodec.readVal(JavaBinCodec.java:256)
	at org.apache.solr.client.solrj.request.JavaBinUpdateRequestCodec$1.readNamedList(JavaBinUpdateRequestCodec.java:130)
	at org.apache.solr.common.util.JavaBinCodec.readObject(JavaBinCodec.java:276)
	at org.apache.solr.common.util.JavaBinCodec.readVal(JavaBinCodec.java:256)
	at org.apache.solr.common.util.JavaBinCodec.unmarshal(JavaBinCodec.java:178)
	at org.apache.solr.client.solrj.request.JavaBinUpdateRequestCodec.unmarshal(JavaBinUpdateRequestCodec.java:195)
	at org.apache.solr.handler.loader.JavabinLoader.parseAndLoadDocs(JavabinLoader.java:109)
	at org.apache.solr.handler.loader.JavabinLoader.load(JavabinLoader.java:55)
	at org.apache.solr.handler.UpdateRequestHandler$1.load(UpdateRequestHandler.java:97)
	at org.apache.solr.handler.ContentStreamHandlerBase.handleRequestBody(ContentStreamHandlerBase.java:68)
	at org.apache.solr.handler.RequestHandlerBase.handleRequest(RequestHandlerBase.java:195)
	at org.apache.solr.core.SolrCore.execute(SolrCore.java:2503)
	at org.apache.solr.servlet.HttpSolrCall.execute(HttpSolrCall.java:711)
	at org.apache.solr.servlet.HttpSolrCall.call(HttpSolrCall.java:517)
	at org.apache.solr.servlet.SolrDispatchFilter.doFilter(SolrDispatchFilter.java:384)
	at org.apache.solr.servlet.SolrDispatchFilter.doFilter(SolrDispatchFilter.java:330)
	at org.eclipse.jetty.servlet.ServletHandler$CachedChain.doFilter(ServletHandler.java:1629)
	at org.eclipse.jetty.servlet.ServletHandler.doHandle(ServletHandler.java:533)
	at org.eclipse.jetty.server.handler.ScopedHandler.handle(ScopedHandler.java:143)
	at org.eclipse.jetty.security.SecurityHandler.handle(SecurityHandler.java:548)
	at org.eclipse.jetty.server.handler.HandlerWrapper.handle(HandlerWrapper.java:132)
	at org.eclipse.jetty.server.handler.ScopedHandler.nextHandle(ScopedHandler.java:190)
	at org.eclipse.jetty.server.session.SessionHandler.doHandle(SessionHandler.java:1595)
	at org.eclipse.jetty.server.handler.ScopedHandler.nextHandle(ScopedHandler.java:188)
	at org.eclipse.jetty.server.handler.ContextHandler.doHandle(ContextHandler.java:1253)
	at org.eclipse.jetty.server.handler.ScopedHandler.nextScope(ScopedHandler.java:168)
	at org.eclipse.jetty.servlet.ServletHandler.doScope(ServletHandler.java:473)
	at org.eclipse.jetty.server.session.SessionHandler.doScope(SessionHandler.java:1564)
	at org.eclipse.jetty.server.handler.ScopedHandler.nextScope(ScopedHandler.java:166)
	at org.eclipse.jetty.server.handler.ContextHandler.doScope(ContextHandler.java:1155)
	at org.eclipse.jetty.server.handler.ScopedHandler.handle(ScopedHandler.java:141)
	at org.eclipse.jetty.server.handler.ContextHandlerCollection.handle(ContextHandlerCollection.java:219)
	at org.eclipse.jetty.server.handler.HandlerCollection.handle(HandlerCollection.java:126)
	at org.eclipse.jetty.server.handler.HandlerWrapper.handle(HandlerWrapper.java:132)
	at org.eclipse.jetty.rewrite.handler.RewriteHandler.handle(RewriteHandler.java:335)
	at org.eclipse.jetty.server.handler.HandlerWrapper.handle(HandlerWrapper.java:132)
	at org.eclipse.jetty.server.Server.handle(Server.java:530)
	at org.eclipse.jetty.server.HttpChannel.handle(HttpChannel.java:347)
	at org.eclipse.jetty.server.HttpConnection.onFillable(HttpConnection.java:256)
	at org.eclipse.jetty.io.AbstractConnection$ReadCallback.succeeded(AbstractConnection.java:279)
	at org.eclipse.jetty.io.FillInterest.fillable(FillInterest.java:102)
	at org.eclipse.jetty.io.ChannelEndPoint$2.run(ChannelEndPoint.java:124)
	at org.eclipse.jetty.util.thread.strategy.EatWhatYouKill.doProduce(EatWhatYouKill.java:247)
	at org.eclipse.jetty.util.thread.strategy.EatWhatYouKill.produce(EatWhatYouKill.java:140)
	at org.eclipse.jetty.util.thread.strategy.EatWhatYouKill.run(EatWhatYouKill.java:131)
	at org.eclipse.jetty.util.thread.ReservedThreadExecutor$ReservedThread.run(ReservedThreadExecutor.java:382)
	at org.eclipse.jetty.util.thread.QueuedThreadPool.runJob(QueuedThreadPool.java:708)
	at org.eclipse.jetty.util.thread.QueuedThreadPool$2.run(QueuedThreadPool.java:626)
	at java.lang.Thread.run(Thread.java:748)

